[2025-07-25T07:58:04.430Z] [LOGIN_SUCCESS] User: 688139d5d1012db0480a54dd 
[2025-07-25T08:00:38.170Z] [LOGOUT] User: unknown 
[2025-07-25T08:12:07.186Z] [LOGIN_SUCCESS] User: 688139d5d1012db0480a54dd 
[2025-07-25T08:12:11.037Z] [LOGOUT] User: 688139d5d1012db0480a54dd 
[2025-07-25T08:14:09.076Z] [LOGIN_SUCCESS] User: 688139d5d1012db0480a54dd 
[2025-07-25T08:15:29.648Z] [ADD_TO_CART] User: 688139d5d1012db0480a54dd Product: 687b826b56301d860f701272, Qty: 1, Color: null, Size: s
[2025-07-25T08:38:18.024Z] [LOGOUT] User: unknown 
[2025-07-25T08:38:20.584Z] [LOGIN_SUCCESS] User: 688139d5d1012db0480a54dd 
[2025-07-25T10:01:21.194Z] [LOGIN_SUCCESS] User: 688139d5d1012db0480a54dd 
[2025-07-25T17:00:44.017Z] [LOGOUT] User: unknown 
[2025-07-25T17:06:43.774Z] [LOGIN_SUCCESS] User: 688139d5d1012db0480a54dd 
[2025-07-26T16:50:02.099Z] [LOGOUT] User: unknown 
[2025-07-26T16:59:20.172Z] [LOGIN_SUCCESS] User: 688139d5d1012db0480a54dd 
[2025-07-26T16:59:26.599Z] [LOGIN_SUCCESS] User: 688139d5d1012db0480a54dd 
[2025-07-26T16:59:40.390Z] [LOGIN_SUCCESS] User: 688139d5d1012db0480a54dd 
[2025-07-26T16:59:53.170Z] [LOGIN_SUCCESS] User: 688139d5d1012db0480a54dd 
[2025-07-26T17:01:49.681Z] [LOGIN_SUCCESS] User: 688139d5d1012db0480a54dd 
[2025-07-26T17:12:44.691Z] [LOGIN_SUCCESS] User: 688139d5d1012db0480a54dd 
[2025-07-26T17:12:58.793Z] [LOGOUT] User: 688139d5d1012db0480a54dd 
[2025-07-26T17:32:21.065Z] [LOGIN_SUCCESS] User: 688139d5d1012db0480a54dd 
[2025-07-26T17:40:00.415Z] [LOGIN_SUCCESS] User: 688139d5d1012db0480a54dd 
[2025-07-26T17:54:33.926Z] [LOGIN_SUCCESS] User: 688139d5d1012db0480a54dd 
[2025-07-26T17:58:20.294Z] [LOGIN_SUCCESS] User: 688139d5d1012db0480a54dd 
[2025-07-26T17:58:32.640Z] [LOGIN_SUCCESS] User: 688139d5d1012db0480a54dd 
[2025-07-26T18:01:50.833Z] [LOGIN_SUCCESS] User: 688139d5d1012db0480a54dd 
[2025-07-26T18:05:16.990Z] [LOGIN_SUCCESS] User: 688139d5d1012db0480a54dd 
[2025-07-26T18:06:39.131Z] [LOGIN_SUCCESS] User: 688139d5d1012db0480a54dd 
[2025-07-26T18:06:39.928Z] [LOGIN_SUCCESS] User: 688139d5d1012db0480a54dd 
[2025-07-26T18:07:20.108Z] [LOGIN_SUCCESS] User: 688139d5d1012db0480a54dd 
[2025-07-26T18:10:16.551Z] [LOGIN_SUCCESS] User: 688139d5d1012db0480a54dd 
[2025-07-26T18:10:52.507Z] [LOGIN_SUCCESS] User: 688139d5d1012db0480a54dd 
[2025-07-26T18:11:44.187Z] [LOGOUT] User: 688139d5d1012db0480a54dd 
[2025-07-26T18:11:47.580Z] [LOGIN_SUCCESS] User: 688139d5d1012db0480a54dd 
[2025-07-26T18:48:19.977Z] [LOGIN_SUCCESS] User: 688139d5d1012db0480a54dd 
[2025-07-26T18:51:48.233Z] [LOGOUT] User: 688139d5d1012db0480a54dd 
[2025-07-26T18:51:50.368Z] [LOGIN_SUCCESS] User: 688139d5d1012db0480a54dd 
[2025-07-26T18:52:01.989Z] [LOGOUT] User: 688139d5d1012db0480a54dd 
[2025-07-26T19:40:15.326Z] [LOGIN_SUCCESS] User: 688139d5d1012db0480a54dd 
[2025-07-26T20:03:26.827Z] [LOGIN_SUCCESS] User: 688139d5d1012db0480a54dd 
[2025-07-26T20:14:53.909Z] [LOGOUT] User: unknown 
[2025-07-26T20:15:09.605Z] [LOGIN_SUCCESS] User: 688139d5d1012db0480a54dd 
[2025-07-26T20:23:31.484Z] [LOGIN_SUCCESS] User: 688139d5d1012db0480a54dd 
[2025-07-26T20:24:02.695Z] [LOGOUT] User: 688139d5d1012db0480a54dd 
[2025-07-26T20:24:18.170Z] [LOGIN_SUCCESS] User: 688139d5d1012db0480a54dd 
[2025-07-26T20:28:22.358Z] [LOGOUT] User: 688139d5d1012db0480a54dd 
[2025-07-26T20:28:25.522Z] [LOGIN_SUCCESS] User: 688139d5d1012db0480a54dd 
[2025-07-26T20:28:40.469Z] [LOGOUT] User: 688139d5d1012db0480a54dd 
[2025-07-26T20:28:53.629Z] [LOGIN_SUCCESS] User: 688139d5d1012db0480a54dd 
[2025-07-26T20:32:00.539Z] [LOGOUT] User: 688139d5d1012db0480a54dd 
[2025-07-26T20:32:20.851Z] [LOGIN_SUCCESS] User: 688139d5d1012db0480a54dd 
[2025-07-26T20:34:27.541Z] [LOGOUT] User: unknown 
[2025-07-26T20:35:07.870Z] [LOGIN_SUCCESS] User: 688139d5d1012db0480a54dd 
[2025-07-26T21:10:53.347Z] [LOGIN_SUCCESS] User: 688139d5d1012db0480a54dd 
[2025-07-26T21:24:33.461Z] [LOGIN_SUCCESS] User: 688139d5d1012db0480a54dd 
[2025-07-26T21:28:14.164Z] [LOGIN_SUCCESS] User: 688139d5d1012db0480a54dd 
[2025-07-26T21:28:14.201Z] [LOGIN_SUCCESS] User: 688139d5d1012db0480a54dd 
[2025-07-26T21:28:14.528Z] [LOGIN_SUCCESS] User: 688139d5d1012db0480a54dd 
[2025-07-27T17:34:56.710Z] [LOGIN_SUCCESS] User: 688139d5d1012db0480a54dd 
[2025-07-27T18:01:56.936Z] [LOGIN_SUCCESS] User: 688139d5d1012db0480a54dd 
[2025-07-27T18:07:07.591Z] [LOGIN_SUCCESS] User: 688139d5d1012db0480a54dd 
[2025-07-28T08:39:04.688Z] [LOGIN_SUCCESS] User: 688139d5d1012db0480a54dd 
[2025-07-28T09:59:42.219Z] [LOGIN_SUCCESS] User: 688139d5d1012db0480a54dd 
[2025-07-28T10:04:14.608Z] [LOGIN_SUCCESS] User: 688139d5d1012db0480a54dd 
[2025-07-28T10:08:31.645Z] [LOGIN_SUCCESS] User: 688139d5d1012db0480a54dd 
[2025-07-28T10:09:21.913Z] [LOGIN_SUCCESS] User: 688139d5d1012db0480a54dd 
[2025-07-28T10:25:02.854Z] [LOGIN_SUCCESS] User: 688139d5d1012db0480a54dd 
[2025-07-28T10:25:44.260Z] [LOGIN_FAILED] User: 688139d5d1012db0480a54dd Reason: Incorrect password
[2025-07-28T10:25:52.409Z] [LOGIN_SUCCESS] User: 688139d5d1012db0480a54dd 
[2025-07-28T10:37:15.402Z] [LOGIN_SUCCESS] User: 688139d5d1012db0480a54dd 
[2025-07-28T10:48:47.542Z] [LOGIN_SUCCESS] User: 688139d5d1012db0480a54dd 
[2025-07-28T11:00:16.842Z] [LOGIN_SUCCESS] User: 688139d5d1012db0480a54dd 
[2025-07-28T11:07:38.243Z] [LOGIN_SUCCESS] User: 688139d5d1012db0480a54dd 
[2025-07-28T11:12:26.069Z] [LOGIN_SUCCESS] User: 688139d5d1012db0480a54dd 
[2025-07-28T11:12:26.374Z] [LOGIN_SUCCESS] User: 688139d5d1012db0480a54dd 
[2025-07-28T11:12:26.476Z] [LOGIN_SUCCESS] User: 688139d5d1012db0480a54dd 
[2025-07-28T11:12:26.582Z] [LOGIN_SUCCESS] User: 688139d5d1012db0480a54dd 
[2025-07-28T11:12:42.664Z] [LOGOUT] User: 688139d5d1012db0480a54dd 
[2025-07-28T11:57:44.471Z] [LOGIN_SUCCESS] User: 688139d5d1012db0480a54dd 
[2025-07-28T12:25:07.449Z] [LOGOUT] User: unknown 
[2025-07-28T12:25:07.452Z] [LOGOUT] User: unknown 
[2025-07-28T12:26:02.152Z] [LOGIN_SUCCESS] User: 688139d5d1012db0480a54dd 
[2025-07-28T12:27:20.952Z] [LOGIN_SUCCESS] User: 688139d5d1012db0480a54dd 
[2025-07-28T12:53:44.941Z] [LOGOUT] User: 688139d5d1012db0480a54dd 
[2025-07-28T12:53:45.797Z] [LOGOUT] User: unknown 
[2025-07-28T12:53:48.125Z] [LOGIN_SUCCESS] User: 688139d5d1012db0480a54dd 
[2025-07-28T13:07:32.336Z] [ADD_TO_CART] User: 688139d5d1012db0480a54dd Product: 687b826b56301d860f701272, Qty: 1, Color: null, Size: s
[2025-07-28T13:31:05.607Z] [LOGOUT] User: unknown 
[2025-07-28T13:31:05.623Z] [LOGOUT] User: unknown 
[2025-07-28T13:32:09.971Z] [LOGOUT] User: unknown 
[2025-07-28T13:32:09.998Z] [LOGOUT] User: unknown 
[2025-07-28T13:32:13.592Z] [LOGIN_SUCCESS] User: 688139d5d1012db0480a54dd 
[2025-07-28T13:51:27.129Z] [LOGIN_SUCCESS] User: 688139d5d1012db0480a54dd 
